2025-07-16 19:59:23 INFO  TC001_LoginPage:12 - ***************verify login is started********************
2025-07-16 19:59:25 INFO  TC001_LoginPage:21 - ***************verify login is end********************
2025-07-16 19:59:25 INFO  TC001_LoginPage:28 - ***************End********************
2025-07-16 20:22:41 INFO  TC002_addUser:12 - ***************verify login is started********************
2025-07-16 20:22:43 INFO  TC002_addUser:21 - ***************verify login is end********************
2025-07-16 20:22:43 INFO  TC002_addUser:28 - ***************End********************
2025-07-16 20:22:49 INFO  TC003_AddEmployee:12 - ***************verify login is started********************
2025-07-16 20:22:51 INFO  TC003_AddEmployee:21 - ***************verify login is end********************
2025-07-16 20:22:51 INFO  TC003_AddEmployee:28 - ***************End********************
2025-07-16 20:22:57 INFO  TC001_LoginPage:12 - ***************verify login is started********************
2025-07-16 20:22:59 INFO  TC001_LoginPage:21 - ***************verify login is end********************
2025-07-16 20:22:59 INFO  TC001_LoginPage:28 - ***************End********************
2025-07-16 20:25:23 INFO  TC001_LoginPage:12 - ***************verify login is started********************
2025-07-16 20:25:25 INFO  TC001_LoginPage:21 - ***************verify login is end********************
2025-07-16 20:25:25 INFO  TC001_LoginPage:28 - ***************End********************
2025-07-16 20:33:17 INFO  TC001_LoginPage:12 - ***************verify login is started********************
2025-07-16 20:33:19 INFO  TC001_LoginPage:21 - ***************verify login is end********************
2025-07-16 20:33:19 INFO  TC001_LoginPage:28 - ***************End********************
2025-07-16 20:33:22 INFO  TC001_LoginPage:12 - ***************verify login is started********************
2025-07-16 20:33:25 INFO  TC001_LoginPage:21 - ***************verify login is end********************
2025-07-16 20:33:25 INFO  TC001_LoginPage:28 - ***************End********************
2025-07-16 20:33:29 INFO  TC001_LoginPage:12 - ***************verify login is started********************
2025-07-16 20:33:31 INFO  TC001_LoginPage:21 - ***************verify login is end********************
2025-07-16 20:33:31 INFO  TC001_LoginPage:28 - ***************End********************
2025-07-16 20:34:28 INFO  TC001_LoginPage:12 - ***************verify login is started********************
2025-07-16 20:34:28 INFO  TC001_LoginPage:12 - ***************verify login is started********************
2025-07-16 20:34:29 INFO  TC001_LoginPage:12 - ***************verify login is started********************
2025-07-16 20:34:30 INFO  TC001_LoginPage:21 - ***************verify login is end********************
2025-07-16 20:34:30 INFO  TC001_LoginPage:28 - ***************End********************
2025-07-16 20:34:30 INFO  TC001_LoginPage:21 - ***************verify login is end********************
2025-07-16 20:34:30 INFO  TC001_LoginPage:28 - ***************End********************
2025-07-16 20:34:31 INFO  TC001_LoginPage:21 - ***************verify login is end********************
2025-07-16 20:34:31 INFO  TC001_LoginPage:28 - ***************End********************
2025-07-16 20:55:33 INFO  TC001_LoginPage:13 - ***************verify login is started********************
2025-07-16 20:55:35 INFO  TC001_LoginPage:22 - ***************verify login is end********************
2025-07-16 20:55:35 INFO  TC001_LoginPage:29 - ***************End********************
2025-07-16 22:34:48 INFO  TC001_LoginPage:13 - ***************verify login is started********************
2025-07-16 22:34:51 INFO  TC001_LoginPage:22 - ***************verify login is end********************
2025-07-16 22:34:51 INFO  TC001_LoginPage:31 - ***************End********************
