2025-07-28 14:09:35 INFO  TC001_LoginPage:13 - ***************verify login is started********************
2025-07-28 14:09:46 ERROR TC001_LoginPage:25 - Test failed
2025-07-28 14:15:03 INFO  TC001_LoginPage:13 - ***************verify login is started********************
2025-07-28 14:15:13 ERROR TC001_LoginPage:26 - Test failed
2025-07-28 14:21:49 INFO  TC001_LoginPage:13 - ***************verify login is started********************
2025-07-28 14:21:52 INFO  TC001_LoginPage:23 - ***************verify login is end********************
2025-07-28 14:21:52 INFO  TC001_LoginPage:32 - ***************End********************
2025-07-28 14:34:31 INFO  TC005_addJobTitle:13 - ***************verify login is started********************
2025-07-28 14:34:33 INFO  TC005_addJobTitle:23 - ***************verify login is end********************
2025-07-28 14:34:33 INFO  TC005_addJobTitle:32 - ***************End********************
2025-07-28 14:39:50 INFO  TC005_addJobTitle:13 - ***************verify login is started********************
2025-07-28 14:39:53 INFO  TC005_addJobTitle:23 - ***************verify login is end********************
2025-07-28 14:39:53 INFO  TC005_addJobTitle:32 - ***************End********************
2025-07-28 14:45:39 INFO  TC005_addJobTitle:13 - ***************verify login is started********************
2025-07-28 14:45:41 INFO  TC005_addJobTitle:23 - ***************verify login is end********************
2025-07-28 14:45:41 INFO  TC005_addJobTitle:32 - ***************End********************
2025-07-28 14:55:43 INFO  TC005_addJobTitle:13 - ***************verify login is started********************
2025-07-28 14:55:46 INFO  TC005_addJobTitle:23 - ***************verify login is end********************
2025-07-28 14:55:46 INFO  TC005_addJobTitle:32 - ***************End********************
2025-07-28 15:13:57 INFO  TC005_addJobTitle:13 - ***************verify login is started********************
2025-07-28 15:14:00 INFO  TC005_addJobTitle:23 - ***************verify login is end********************
2025-07-28 15:14:00 INFO  TC005_addJobTitle:32 - ***************End********************
2025-07-28 15:17:10 INFO  TC005_addJobTitle:13 - ***************verify login is started********************
2025-07-28 15:17:12 INFO  TC005_addJobTitle:23 - ***************verify login is end********************
2025-07-28 15:17:12 INFO  TC005_addJobTitle:32 - ***************End********************
2025-07-28 15:24:38 INFO  TC005_addJobTitle:13 - ***************verify login is started********************
2025-07-28 15:24:41 INFO  TC005_addJobTitle:23 - ***************verify login is end********************
2025-07-28 15:24:41 INFO  TC005_addJobTitle:32 - ***************End********************
2025-07-28 15:29:23 INFO  TC005_addJobTitle:13 - ***************verify login is started********************
2025-07-28 15:29:25 INFO  TC005_addJobTitle:23 - ***************verify login is end********************
2025-07-28 15:29:25 INFO  TC005_addJobTitle:32 - ***************End********************
2025-07-28 15:31:13 INFO  TC005_addJobTitle:13 - ***************verify login is started********************
2025-07-28 15:31:23 ERROR TC005_addJobTitle:26 - Test failed
2025-07-28 15:32:06 INFO  TC005_addJobTitle:13 - ***************verify login is started********************
2025-07-28 15:32:16 ERROR TC005_addJobTitle:26 - Test failed
2025-07-28 15:35:27 INFO  TC001_LoginPage:13 - ***************verify login is started********************
2025-07-28 15:35:37 ERROR TC001_LoginPage:26 - Test failed
2025-07-28 15:37:52 INFO  TC005_addJobTitle:13 - ***************verify login is started********************
2025-07-28 15:37:55 INFO  TC005_addJobTitle:23 - ***************verify login is end********************
2025-07-28 15:37:55 INFO  TC005_addJobTitle:32 - ***************End********************
2025-07-28 15:40:40 INFO  TC005_addJobTitle:13 - ***************verify login is started********************
2025-07-28 15:40:43 INFO  TC005_addJobTitle:23 - ***************verify login is end********************
2025-07-28 15:40:43 INFO  TC005_addJobTitle:32 - ***************End********************
2025-07-28 15:44:32 INFO  TC005_addJobTitle:13 - ***************verify login is started********************
2025-07-28 15:44:35 INFO  TC005_addJobTitle:23 - ***************verify login is end********************
2025-07-28 15:44:35 INFO  TC005_addJobTitle:32 - ***************End********************
2025-07-28 15:49:03 INFO  TC005_addJobTitle:13 - ***************verify login is started********************
2025-07-28 15:49:15 INFO  TC005_addJobTitle:23 - ***************verify login is end********************
2025-07-28 15:49:15 INFO  TC005_addJobTitle:32 - ***************End********************
2025-07-28 15:51:37 INFO  TC005_addJobTitle:13 - ***************verify login is started********************
2025-07-28 15:51:55 INFO  TC005_addJobTitle:23 - ***************verify login is end********************
2025-07-28 15:51:55 INFO  TC005_addJobTitle:32 - ***************End********************
2025-07-28 16:02:09 INFO  TC005_addJobTitle:13 - ***************verify login is started********************
2025-07-28 16:02:11 INFO  TC005_addJobTitle:23 - ***************verify login is end********************
2025-07-28 16:02:11 INFO  TC005_addJobTitle:32 - ***************End********************
2025-07-28 16:03:21 INFO  TC005_addJobTitle:13 - ***************verify login is started********************
2025-07-28 16:03:24 INFO  TC005_addJobTitle:23 - ***************verify login is end********************
2025-07-28 16:03:24 INFO  TC005_addJobTitle:32 - ***************End********************
2025-07-28 16:05:23 INFO  TC005_addJobTitle:13 - ***************verify login is started********************
2025-07-28 16:05:25 INFO  TC005_addJobTitle:23 - ***************verify login is end********************
2025-07-28 16:05:25 INFO  TC005_addJobTitle:32 - ***************End********************
2025-07-28 16:07:48 INFO  TC005_addJobTitle:13 - ***************verify login is started********************
2025-07-28 16:07:51 INFO  TC005_addJobTitle:23 - ***************verify login is end********************
2025-07-28 16:07:51 INFO  TC005_addJobTitle:32 - ***************End********************
2025-07-28 16:20:25 INFO  TC005_addJobTitle:13 - ***************verify login is started********************
2025-07-28 16:20:27 INFO  TC005_addJobTitle:23 - ***************verify login is end********************
2025-07-28 16:20:27 INFO  TC005_addJobTitle:32 - ***************End********************
2025-07-28 16:50:37 INFO  TC005_addJobTitle:13 - ***************verify login is started********************
2025-07-28 16:50:40 INFO  TC005_addJobTitle:23 - ***************verify login is end********************
2025-07-28 16:50:40 INFO  TC005_addJobTitle:32 - ***************End********************
2025-07-28 17:16:50 INFO  TC005_addJobTitle:13 - ***************verify login is started********************
2025-07-28 17:16:53 INFO  TC005_addJobTitle:23 - ***************verify login is end********************
2025-07-28 17:16:53 INFO  TC005_addJobTitle:32 - ***************End********************
2025-07-28 17:28:30 INFO  TC005_addJobTitle:13 - ***************verify login is started********************
2025-07-28 17:28:33 INFO  TC005_addJobTitle:23 - ***************verify login is end********************
2025-07-28 17:28:33 INFO  TC005_addJobTitle:32 - ***************End********************
2025-07-28 17:29:05 INFO  TC005_addJobTitle:13 - ***************verify login is started********************
2025-07-28 17:29:08 INFO  TC005_addJobTitle:23 - ***************verify login is end********************
2025-07-28 17:29:08 INFO  TC005_addJobTitle:32 - ***************End********************
2025-07-28 17:29:52 INFO  TC005_addJobTitle:13 - ***************verify login is started********************
2025-07-28 17:29:55 INFO  TC005_addJobTitle:23 - ***************verify login is end********************
2025-07-28 17:29:55 INFO  TC005_addJobTitle:32 - ***************End********************
2025-07-28 17:31:52 INFO  TC005_addJobTitle:13 - ***************verify login is started********************
2025-07-28 17:31:54 INFO  TC005_addJobTitle:23 - ***************verify login is end********************
2025-07-28 17:31:54 INFO  TC005_addJobTitle:32 - ***************End********************
2025-07-28 17:32:59 INFO  TC005_addJobTitle:13 - ***************verify login is started********************
2025-07-28 17:33:02 INFO  TC005_addJobTitle:23 - ***************verify login is end********************
2025-07-28 17:33:02 INFO  TC005_addJobTitle:32 - ***************End********************
